one-line does not yet have an ESLint equivalent.
react-a11y-accessible-headings does not yet have an ESLint equivalent.
react-a11y-anchors does not yet have an ESLint equivalent.
react-a11y-aria-unsupported-elements does not yet have an ESLint equivalent.
react-a11y-event-has-role does not yet have an ESLint equivalent.
react-a11y-iframes does not yet have an ESLint equivalent.
react-a11y-image-button-has-alt does not yet have an ESLint equivalent.
react-a11y-img-has-alt does not yet have an ESLint equivalent.
react-a11y-input-elements does not yet have an ESLint equivalent.
react-a11y-lang does not yet have an ESLint equivalent.
react-a11y-meta does not yet have an ESLint equivalent.
react-a11y-mouse-event-has-key-event does not yet have an ESLint equivalent.
react-a11y-no-onchange does not yet have an ESLint equivalent.
react-a11y-props does not yet have an ESLint equivalent.
react-a11y-proptypes does not yet have an ESLint equivalent.
react-a11y-required does not yet have an ESLint equivalent.
react-a11y-role does not yet have an ESLint equivalent.
react-a11y-role-has-required-aria-props does not yet have an ESLint equivalent.
react-a11y-role-supports-aria-props does not yet have an ESLint equivalent.
react-a11y-tabindex-no-positive does not yet have an ESLint equivalent.
react-a11y-titles does not yet have an ESLint equivalent.
whitespace does not yet have an ESLint equivalent.
